This is pdfTeX, Version 3.14159265-2.6-1.40.20 (MiKTeX 2.9.7250 64-bit) (preloaded format=pdflatex 2020.2.2)  3 FEB 2020 18:15
entering extended mode
**./relazione.tex
(relazione.tex
LaTeX2e <2019-10-01> patch level 3
(D:\Programmi\MiKTeX\tex/latex/base\article.cls
Document Class: article 2019/10/25 v1.4k Standard LaTeX document class
(D:\Programmi\MiKTeX\tex/latex/base\size10.clo
File: size10.clo 2019/10/25 v1.4k Standard LaTeX file (size option)
)
\c@part=\count80
\c@section=\count81
\c@subsection=\count82
\c@subsubsection=\count83
\c@paragraph=\count84
\c@subparagraph=\count85
\c@figure=\count86
\c@table=\count87
\abovecaptionskip=\skip41
\belowcaptionskip=\skip42
\bibindent=\dimen102
)
(D:\Programmi\MiKTeX\tex/latex/blindtext\blindtext.sty
Package: blindtext 2012/01/06 V2.0 blindtext-Package

(D:\Programmi\MiKTeX\tex/latex/tools\xspace.sty
Package: xspace 2014/10/28 v1.13 Space after command names (DPC,MH)
)
\c@blindtext=\count88
\c@Blindtext=\count89
\c@blind@countparstart=\count90
\blind@countxx=\count91
\blindtext@numBlindtext=\count92
\blind@countyy=\count93
\c@blindlist=\count94
\c@blindlistlevel=\count95
\c@blindlist@level=\count96
\blind@listitem=\count97
\c@blind@listcount=\count98
\c@blind@levelcount=\count99
\blind@mathformula=\count100
\blind@Mathformula=\count101
\c@blind@randomcount=\count102
\c@blind@randommax=\count103
\c@blind@pangramcount=\count104
\c@blind@pangrammax=\count105
)
(D:\Programmi\MiKTeX\tex/latex/graphics\graphicx.sty
Package: graphicx 2017/06/01 v1.1a Enhanced LaTeX Graphics (DPC,SPQR)

(D:\Programmi\MiKTeX\tex/latex/graphics\keyval.sty
Package: keyval 2014/10/28 v1.15 key=value parser (DPC)
\KV@toks@=\toks14
)
(D:\Programmi\MiKTeX\tex/latex/graphics\graphics.sty
Package: graphics 2019/11/01 v1.3d Standard LaTeX Graphics (DPC,SPQR)

(D:\Programmi\MiKTeX\tex/latex/graphics\trig.sty
Package: trig 2016/01/03 v1.10 sin cos tan (DPC)
)
(D:\Programmi\MiKTeX\tex/latex/graphics-cfg\graphics.cfg
File: graphics.cfg 2016/06/04 v1.11 sample graphics configuration
)
Package graphics Info: Driver file: pdftex.def on input line 105.

(D:\Programmi\MiKTeX\tex/latex/graphics-def\pdftex.def
File: pdftex.def 2018/01/08 v1.0l Graphics/color driver for pdftex
))
\Gin@req@height=\dimen103
\Gin@req@width=\dimen104
)
(D:\Programmi\MiKTeX\tex/latex/caption\subcaption.sty
Package: subcaption 2020/01/22 v1.3d Sub-captions (AR)

(D:\Programmi\MiKTeX\tex/latex/caption\caption.sty
Package: caption 2020/01/03 v3.4h Customizing captions (AR)

(D:\Programmi\MiKTeX\tex/latex/caption\caption3.sty
Package: caption3 2020/01/03 v1.8h caption3 kernel (AR)
Package caption3 Info: TeX engine: e-TeX on input line 61.
\captionmargin=\dimen105
\captionmargin@=\dimen106
\captionwidth=\dimen107
\caption@tempdima=\dimen108
\caption@indent=\dimen109
\caption@parindent=\dimen110
\caption@hangindent=\dimen111
Package caption Info: Standard document class detected.
)
\c@caption@flags=\count106
\c@continuedfloat=\count107
)
\c@subfigure=\count108
\c@subtable=\count109
) (relazione.aux)
\openout1 = `relazione.aux'.

LaTeX Font Info:    Checking defaults for OML/cmm/m/it on input line 10.
LaTeX Font Info:    ... okay on input line 10.
LaTeX Font Info:    Checking defaults for T1/cmr/m/n on input line 10.
LaTeX Font Info:    ... okay on input line 10.
LaTeX Font Info:    Checking defaults for OT1/cmr/m/n on input line 10.
LaTeX Font Info:    ... okay on input line 10.
LaTeX Font Info:    Checking defaults for OMS/cmsy/m/n on input line 10.
LaTeX Font Info:    ... okay on input line 10.
LaTeX Font Info:    Checking defaults for OMX/cmex/m/n on input line 10.
LaTeX Font Info:    ... okay on input line 10.
LaTeX Font Info:    Checking defaults for U/cmr/m/n on input line 10.
LaTeX Font Info:    ... okay on input line 10.

(D:\Programmi\MiKTeX\tex/context/base/mkii\supp-pdf.mkii
[Loading MPS to PDF converter (version 2006.09.02).]
\scratchcounter=\count110
\scratchdimen=\dimen112
\scratchbox=\box27
\nofMPsegments=\count111
\nofMParguments=\count112
\everyMPshowfont=\toks15
\MPscratchCnt=\count113
\MPscratchDim=\dimen113
\MPnumerator=\count114
\makeMPintoPDFobject=\count115
\everyMPtoPDFconversion=\toks16
) (D:\Programmi\MiKTeX\tex/latex/epstopdf-pkg\epstopdf-base.sty
Package: epstopdf-base 2020-01-24 v2.11 Base part for package epstopdf
Package epstopdf-base Info: Redefining graphics rule for `.eps' on input line 4
85.
)
Package caption Info: Begin \AtBeginDocument code.
Package caption Info: End \AtBeginDocument code.
LaTeX Font Info:    External font `cmex10' loaded for size
(Font)              <12> on input line 16.
LaTeX Font Info:    External font `cmex10' loaded for size
(Font)              <8> on input line 16.
LaTeX Font Info:    External font `cmex10' loaded for size
(Font)              <6> on input line 16.
 [1

{C:/Users/cicio/AppData/Local/MiKTeX/2.9/pdftex/config/pdftex.map}] [2]
<data/carica-open.png, id=13, 384.96297pt x 555.97812pt>
File: data/carica-open.png Graphic file (type png)
<use data/carica-open.png>
Package pdftex.def Info: data/carica-open.png  used on input line 41.
(pdftex.def)             Requested size: 103.50105pt x 149.47983pt.
<data/carica-closed.png, id=15, 384.96297pt x 555.97812pt>
File: data/carica-closed.png Graphic file (type png)
<use data/carica-closed.png>
Package pdftex.def Info: data/carica-closed.png  used on input line 44.
(pdftex.def)             Requested size: 103.50105pt x 149.47983pt.
<data/carica-tensioni.png, id=16, 445.06871pt x 585.31544pt>
File: data/carica-tensioni.png Graphic file (type png)
<use data/carica-tensioni.png>
Package pdftex.def Info: data/carica-tensioni.png  used on input line 47.
(pdftex.def)             Requested size: 119.71504pt x 157.43889pt.
<data/carica-VC.png, id=17, 577.40718pt x 259.7203pt>
File: data/carica-VC.png Graphic file (type png)
<use data/carica-VC.png>
Package pdftex.def Info: data/carica-VC.png  used on input line 55.
(pdftex.def)             Requested size: 103.50105pt x 46.55344pt.
<data/carica-VR.png, id=18, 577.40718pt x 259.7203pt>
File: data/carica-VR.png Graphic file (type png)
<use data/carica-VR.png>
Package pdftex.def Info: data/carica-VR.png  used on input line 58.
(pdftex.def)             Requested size: 103.50105pt x 46.55344pt.
<data/carica-IT.png, id=19, 600.74437pt x 259.7203pt>
File: data/carica-IT.png Graphic file (type png)
<use data/carica-IT.png>
Package pdftex.def Info: data/carica-IT.png  used on input line 61.
(pdftex.def)             Requested size: 103.50105pt x 44.7463pt.
 [3 <./data/carica-open.png> <./data/carica-closed.png> <./data/carica-tensioni
.png> <./data/carica-VC.png> <./data/carica-VR.png> <./data/carica-IT.png>]
<data/scarica-open.png, id=26, 384.96297pt x 555.97812pt>
File: data/scarica-open.png Graphic file (type png)
<use data/scarica-open.png>
Package pdftex.def Info: data/scarica-open.png  used on input line 72.
(pdftex.def)             Requested size: 103.50105pt x 149.47983pt.
<data/scarica-closed.png, id=27, 384.96297pt x 555.97812pt>
File: data/scarica-closed.png Graphic file (type png)
<use data/scarica-closed.png>
Package pdftex.def Info: data/scarica-closed.png  used on input line 75.
(pdftex.def)             Requested size: 103.50105pt x 149.47983pt.
<data/scarica-tensioni.png, id=28, 445.06871pt x 585.31544pt>
File: data/scarica-tensioni.png Graphic file (type png)
<use data/scarica-tensioni.png>
Package pdftex.def Info: data/scarica-tensioni.png  used on input line 78.
(pdftex.def)             Requested size: 119.71504pt x 157.43889pt.
<data/scarica-VC.png, id=29, 583.42969pt x 259.7203pt>
File: data/scarica-VC.png Graphic file (type png)
<use data/scarica-VC.png>
Package pdftex.def Info: data/scarica-VC.png  used on input line 87.
(pdftex.def)             Requested size: 103.50105pt x 46.07391pt.
<data/scarica-VR.png, id=30, 577.40718pt x 259.7203pt>
File: data/scarica-VR.png Graphic file (type png)
<use data/scarica-VR.png>
Package pdftex.def Info: data/scarica-VR.png  used on input line 90.
(pdftex.def)             Requested size: 103.50105pt x 46.55344pt.
<data/scarica-IT.png, id=31, 600.74437pt x 259.7203pt>
File: data/scarica-IT.png Graphic file (type png)
<use data/scarica-IT.png>
Package pdftex.def Info: data/scarica-IT.png  used on input line 93.
(pdftex.def)             Requested size: 103.50105pt x 44.7463pt.
 [4 <./data/scarica-open.png> <./data/scarica-closed.png> <./data/scarica-tensi
oni.png> <./data/scarica-VC.png> <./data/scarica-VR.png> <./data/scarica-IT.png
>]
<data/carica-simulazione-qucs.png, id=38, 1014.79124pt x 507.39563pt>
File: data/carica-simulazione-qucs.png Graphic file (type png)
<use data/carica-simulazione-qucs.png>
Package pdftex.def Info: data/carica-simulazione-qucs.png  used on input line 1
04.
(pdftex.def)             Requested size: 345.0pt x 172.49675pt.
<data/scarica-simulazione-qucs.png, id=39, 1116.42094pt x 551.05875pt>
File: data/scarica-simulazione-qucs.png Graphic file (type png)
<use data/scarica-simulazione-qucs.png>
Package pdftex.def Info: data/scarica-simulazione-qucs.png  used on input line 
110.
(pdftex.def)             Requested size: 345.0pt x 170.2883pt.
 [5 <./data/carica-simulazione-qucs.png> <./data/scarica-simulazione-qucs.png>]
 [6] (relazione.aux) ) 
Here is how much of TeX's memory you used:
 2445 strings out of 492444
 38774 string characters out of 3133353
 104691 words of memory out of 3000000
 6819 multiletter control sequences out of 15000+200000
 7588 words of font info for 27 fonts, out of 3000000 for 9000
 1141 hyphenation exceptions out of 8191
 48i,7n,46p,262b,377s stack positions out of 5000i,500n,10000p,200000b,50000s
<D:/Programmi/MiKTeX/fonts/type1/public/amsfonts/cm/cmbx1
0.pfb><D:/Programmi/MiKTeX/fonts/type1/public/amsfonts/cm/cmbx12.pfb><D:/Progra
mmi/MiKTeX/fonts/type1/public/amsfonts/cm/cmr10.pfb><D:/Programmi/MiKTeX/fonts/
type1/public/amsfonts/cm/cmr12.pfb><D:/Programmi/MiKTeX/fonts/type1/public/amsf
onts/cm/cmr17.pfb>
Output written on relazione.pdf (6 pages, 266892 bytes).
PDF statistics:
 64 PDF objects out of 1000 (max. 8388607)
 0 named destinations out of 1000 (max. 500000)
 71 words of extra memory for PDF output out of 10000 (max. 10000000)

